2018-11-19 12:09:14 SparkContext: INFO: Running Spark version 2.2.0
2018-11-19 12:09:14 NativeCodeLoader: WARN: Unable to load native-hadoop library for your platform... using builtin-java classes where applicable
2018-11-19 12:09:14 SparkContext: INFO: Submitted application: Hail
2018-11-19 12:09:14 SparkContext: INFO: Spark configuration:
spark.app.name=Hail
spark.driver.extraClassPath=/anaconda3/lib/python3.6/site-packages/hail/hail-all-spark.jar
spark.executor.extraClassPath=/anaconda3/lib/python3.6/site-packages/hail/hail-all-spark.jar
spark.hadoop.io.compression.codecs=org.apache.hadoop.io.compress.DefaultCodec,is.hail.io.compress.BGzipCodec,org.apache.hadoop.io.compress.GzipCodec
spark.hadoop.mapreduce.input.fileinputformat.split.minsize=1048576
spark.kryo.registrator=is.hail.kryo.HailKryoRegistrator
spark.logConf=true
spark.master=local[*]
spark.serializer=org.apache.spark.serializer.KryoSerializer
spark.submit.deployMode=client
spark.ui.showConsoleProgress=false
2018-11-19 12:09:14 SecurityManager: INFO: Changing view acls to: nbaya
2018-11-19 12:09:14 SecurityManager: INFO: Changing modify acls to: nbaya
2018-11-19 12:09:14 SecurityManager: INFO: Changing view acls groups to: 
2018-11-19 12:09:14 SecurityManager: INFO: Changing modify acls groups to: 
2018-11-19 12:09:14 SecurityManager: INFO: SecurityManager: authentication disabled; ui acls disabled; users  with view permissions: Set(nbaya); groups with view permissions: Set(); users  with modify permissions: Set(nbaya); groups with modify permissions: Set()
2018-11-19 12:09:14 Utils: INFO: Successfully started service 'sparkDriver' on port 51491.
2018-11-19 12:09:15 SparkEnv: INFO: Registering MapOutputTracker
2018-11-19 12:09:15 SparkEnv: INFO: Registering BlockManagerMaster
2018-11-19 12:09:15 BlockManagerMasterEndpoint: INFO: Using org.apache.spark.storage.DefaultTopologyMapper for getting topology information
2018-11-19 12:09:15 BlockManagerMasterEndpoint: INFO: BlockManagerMasterEndpoint up
2018-11-19 12:09:15 DiskBlockManager: INFO: Created local directory at /private/var/folders/56/q7rh2y5x7hj4n359_13dgwxcmtwz20/T/blockmgr-c87b70b4-275f-4e2a-b3fb-00a8049f9ba7
2018-11-19 12:09:15 MemoryStore: INFO: MemoryStore started with capacity 366.3 MB
2018-11-19 12:09:15 SparkEnv: INFO: Registering OutputCommitCoordinator
2018-11-19 12:09:15 log: INFO: Logging initialized @2129ms
2018-11-19 12:09:15 Server: INFO: jetty-9.3.z-SNAPSHOT
2018-11-19 12:09:15 Server: INFO: Started @2206ms
2018-11-19 12:09:15 Utils: WARN: Service 'SparkUI' could not bind on port 4040. Attempting port 4041.
2018-11-19 12:09:15 AbstractConnector: INFO: Started ServerConnector@3fc46960{HTTP/1.1,[http/1.1]}{0.0.0.0:4041}
2018-11-19 12:09:15 Utils: INFO: Successfully started service 'SparkUI' on port 4041.
2018-11-19 12:09:15 ContextHandler: INFO: Started o.s.j.s.ServletContextHandler@27d18be0{/jobs,null,AVAILABLE,@Spark}
2018-11-19 12:09:15 ContextHandler: INFO: Started o.s.j.s.ServletContextHandler@3778703a{/jobs/json,null,AVAILABLE,@Spark}
2018-11-19 12:09:15 ContextHandler: INFO: Started o.s.j.s.ServletContextHandler@7c5a3bfb{/jobs/job,null,AVAILABLE,@Spark}
2018-11-19 12:09:15 ContextHandler: INFO: Started o.s.j.s.ServletContextHandler@5ce79801{/jobs/job/json,null,AVAILABLE,@Spark}
2018-11-19 12:09:15 ContextHandler: INFO: Started o.s.j.s.ServletContextHandler@52437c9e{/stages,null,AVAILABLE,@Spark}
2018-11-19 12:09:15 ContextHandler: INFO: Started o.s.j.s.ServletContextHandler@faf1c71{/stages/json,null,AVAILABLE,@Spark}
2018-11-19 12:09:15 ContextHandler: INFO: Started o.s.j.s.ServletContextHandler@482c88f6{/stages/stage,null,AVAILABLE,@Spark}
2018-11-19 12:09:15 ContextHandler: INFO: Started o.s.j.s.ServletContextHandler@2d6a0dd6{/stages/stage/json,null,AVAILABLE,@Spark}
2018-11-19 12:09:15 ContextHandler: INFO: Started o.s.j.s.ServletContextHandler@4dda502{/stages/pool,null,AVAILABLE,@Spark}
2018-11-19 12:09:15 ContextHandler: INFO: Started o.s.j.s.ServletContextHandler@12137b94{/stages/pool/json,null,AVAILABLE,@Spark}
2018-11-19 12:09:15 ContextHandler: INFO: Started o.s.j.s.ServletContextHandler@1f367260{/storage,null,AVAILABLE,@Spark}
2018-11-19 12:09:15 ContextHandler: INFO: Started o.s.j.s.ServletContextHandler@2fdbac57{/storage/json,null,AVAILABLE,@Spark}
2018-11-19 12:09:15 ContextHandler: INFO: Started o.s.j.s.ServletContextHandler@24bf1986{/storage/rdd,null,AVAILABLE,@Spark}
2018-11-19 12:09:15 ContextHandler: INFO: Started o.s.j.s.ServletContextHandler@1d44b20c{/storage/rdd/json,null,AVAILABLE,@Spark}
2018-11-19 12:09:15 ContextHandler: INFO: Started o.s.j.s.ServletContextHandler@7f9f6a20{/environment,null,AVAILABLE,@Spark}
2018-11-19 12:09:15 ContextHandler: INFO: Started o.s.j.s.ServletContextHandler@507e9643{/environment/json,null,AVAILABLE,@Spark}
2018-11-19 12:09:15 ContextHandler: INFO: Started o.s.j.s.ServletContextHandler@7681cdda{/executors,null,AVAILABLE,@Spark}
2018-11-19 12:09:15 ContextHandler: INFO: Started o.s.j.s.ServletContextHandler@2eeb8bfd{/executors/json,null,AVAILABLE,@Spark}
2018-11-19 12:09:15 ContextHandler: INFO: Started o.s.j.s.ServletContextHandler@7f20a667{/executors/threadDump,null,AVAILABLE,@Spark}
2018-11-19 12:09:15 ContextHandler: INFO: Started o.s.j.s.ServletContextHandler@19b27b4b{/executors/threadDump/json,null,AVAILABLE,@Spark}
2018-11-19 12:09:15 ContextHandler: INFO: Started o.s.j.s.ServletContextHandler@5e7310b5{/static,null,AVAILABLE,@Spark}
2018-11-19 12:09:15 ContextHandler: INFO: Started o.s.j.s.ServletContextHandler@34b3cc03{/,null,AVAILABLE,@Spark}
2018-11-19 12:09:15 ContextHandler: INFO: Started o.s.j.s.ServletContextHandler@73bd754f{/api,null,AVAILABLE,@Spark}
2018-11-19 12:09:15 ContextHandler: INFO: Started o.s.j.s.ServletContextHandler@2a56c867{/jobs/job/kill,null,AVAILABLE,@Spark}
2018-11-19 12:09:15 ContextHandler: INFO: Started o.s.j.s.ServletContextHandler@4a3b0be5{/stages/stage/kill,null,AVAILABLE,@Spark}
2018-11-19 12:09:15 SparkUI: INFO: Bound SparkUI to 0.0.0.0, and started at http://10.0.0.51:4041
2018-11-19 12:09:15 Executor: INFO: Starting executor ID driver on host localhost
2018-11-19 12:09:15 Utils: INFO: Successfully started service 'org.apache.spark.network.netty.NettyBlockTransferService' on port 51492.
2018-11-19 12:09:15 NettyBlockTransferService: INFO: Server created on 10.0.0.51:51492
2018-11-19 12:09:15 BlockManager: INFO: Using org.apache.spark.storage.RandomBlockReplicationPolicy for block replication policy
2018-11-19 12:09:15 BlockManagerMaster: INFO: Registering BlockManager BlockManagerId(driver, 10.0.0.51, 51492, None)
2018-11-19 12:09:15 BlockManagerMasterEndpoint: INFO: Registering block manager 10.0.0.51:51492 with 366.3 MB RAM, BlockManagerId(driver, 10.0.0.51, 51492, None)
2018-11-19 12:09:15 BlockManagerMaster: INFO: Registered BlockManager BlockManagerId(driver, 10.0.0.51, 51492, None)
2018-11-19 12:09:15 BlockManager: INFO: Initialized BlockManager: BlockManagerId(driver, 10.0.0.51, 51492, None)
2018-11-19 12:09:15 ContextHandler: INFO: Started o.s.j.s.ServletContextHandler@6cef31da{/metrics/json,null,AVAILABLE,@Spark}
2018-11-19 12:09:15 Hail: INFO: SparkUI: http://10.0.0.51:4041
2018-11-19 12:09:15 Hail: INFO: Running Hail version 0.2-a2eaf89baa0c
2018-11-19 12:09:16 SharedState: INFO: Setting hive.metastore.warehouse.dir ('null') to the value of spark.sql.warehouse.dir ('file:/Users/nbaya/Documents/lab/ldscsim/spark-warehouse').
2018-11-19 12:09:16 SharedState: INFO: Warehouse path is 'file:/Users/nbaya/Documents/lab/ldscsim/spark-warehouse'.
2018-11-19 12:09:16 ContextHandler: INFO: Started o.s.j.s.ServletContextHandler@f3762b2{/SQL,null,AVAILABLE,@Spark}
2018-11-19 12:09:16 ContextHandler: INFO: Started o.s.j.s.ServletContextHandler@59da2dd6{/SQL/json,null,AVAILABLE,@Spark}
2018-11-19 12:09:16 ContextHandler: INFO: Started o.s.j.s.ServletContextHandler@54f1526b{/SQL/execution,null,AVAILABLE,@Spark}
2018-11-19 12:09:16 ContextHandler: INFO: Started o.s.j.s.ServletContextHandler@3c885e09{/SQL/execution/json,null,AVAILABLE,@Spark}
2018-11-19 12:09:16 ContextHandler: INFO: Started o.s.j.s.ServletContextHandler@1649908b{/static/sql,null,AVAILABLE,@Spark}
2018-11-19 12:09:17 StateStoreCoordinatorRef: INFO: Registered StateStoreCoordinator endpoint
2018-11-19 12:09:24 root: INFO: optimize: before:
(TableHead 11
  (TableKeyBy () False
    (TableLiteral)))
2018-11-19 12:09:24 root: INFO: optimize: after:
(TableHead 11
  (TableLiteral))
2018-11-19 12:09:24 SparkContext: INFO: Starting job: runJob at ContextRDD.scala:506
2018-11-19 12:09:24 DAGScheduler: INFO: Got job 0 (runJob at ContextRDD.scala:506) with 1 output partitions
2018-11-19 12:09:24 DAGScheduler: INFO: Final stage: ResultStage 0 (runJob at ContextRDD.scala:506)
2018-11-19 12:09:24 DAGScheduler: INFO: Parents of final stage: List()
2018-11-19 12:09:24 DAGScheduler: INFO: Missing parents: List()
2018-11-19 12:09:24 DAGScheduler: INFO: Submitting ResultStage 0 (MapPartitionsRDD[9] at mapPartitions at ContextRDD.scala:337), which has no missing parents
2018-11-19 12:09:25 MemoryStore: INFO: Block broadcast_0 stored as values in memory (estimated size 12.3 KB, free 366.3 MB)
2018-11-19 12:09:25 MemoryStore: INFO: Block broadcast_0_piece0 stored as bytes in memory (estimated size 6.8 KB, free 366.3 MB)
2018-11-19 12:09:25 BlockManagerInfo: INFO: Added broadcast_0_piece0 in memory on 10.0.0.51:51492 (size: 6.8 KB, free: 366.3 MB)
2018-11-19 12:09:25 SparkContext: INFO: Created broadcast 0 from broadcast at DAGScheduler.scala:1006
2018-11-19 12:09:25 DAGScheduler: INFO: Submitting 1 missing tasks from ResultStage 0 (MapPartitionsRDD[9] at mapPartitions at ContextRDD.scala:337) (first 15 tasks are for partitions Vector(0))
2018-11-19 12:09:25 TaskSchedulerImpl: INFO: Adding task set 0.0 with 1 tasks
2018-11-19 12:09:25 TaskSetManager: INFO: Starting task 0.0 in stage 0.0 (TID 0, localhost, executor driver, partition 0, PROCESS_LOCAL, 4727 bytes)
2018-11-19 12:09:25 Executor: INFO: Running task 0.0 in stage 0.0 (TID 0)
2018-11-19 12:09:25 PythonRunner: INFO: Times: total = 478, boot = 467, init = 11, finish = 0
2018-11-19 12:09:26 CodeGenerator: INFO: Code generated in 218.707165 ms
2018-11-19 12:09:26 CodeGenerator: INFO: Code generated in 9.80921 ms
2018-11-19 12:09:26 Executor: INFO: Finished task 0.0 in stage 0.0 (TID 0). 1498 bytes result sent to driver
2018-11-19 12:09:26 TaskSetManager: INFO: Finished task 0.0 in stage 0.0 (TID 0) in 1022 ms on localhost (executor driver) (1/1)
2018-11-19 12:09:26 TaskSchedulerImpl: INFO: Removed TaskSet 0.0, whose tasks have all completed, from pool 
2018-11-19 12:09:26 DAGScheduler: INFO: ResultStage 0 (runJob at ContextRDD.scala:506) finished in 1.040 s
2018-11-19 12:09:26 DAGScheduler: INFO: Job 0 finished: runJob at ContextRDD.scala:506, took 1.324044 s
2018-11-19 12:09:26 SparkContext: INFO: Starting job: runJob at ContextRDD.scala:506
2018-11-19 12:09:26 DAGScheduler: INFO: Got job 1 (runJob at ContextRDD.scala:506) with 4 output partitions
2018-11-19 12:09:26 DAGScheduler: INFO: Final stage: ResultStage 1 (runJob at ContextRDD.scala:506)
2018-11-19 12:09:26 DAGScheduler: INFO: Parents of final stage: List()
2018-11-19 12:09:26 DAGScheduler: INFO: Missing parents: List()
2018-11-19 12:09:26 DAGScheduler: INFO: Submitting ResultStage 1 (MapPartitionsRDD[9] at mapPartitions at ContextRDD.scala:337), which has no missing parents
2018-11-19 12:09:26 MemoryStore: INFO: Block broadcast_1 stored as values in memory (estimated size 12.3 KB, free 366.3 MB)
2018-11-19 12:09:26 MemoryStore: INFO: Block broadcast_1_piece0 stored as bytes in memory (estimated size 6.8 KB, free 366.3 MB)
2018-11-19 12:09:26 BlockManagerInfo: INFO: Added broadcast_1_piece0 in memory on 10.0.0.51:51492 (size: 6.8 KB, free: 366.3 MB)
2018-11-19 12:09:26 SparkContext: INFO: Created broadcast 1 from broadcast at DAGScheduler.scala:1006
2018-11-19 12:09:26 DAGScheduler: INFO: Submitting 4 missing tasks from ResultStage 1 (MapPartitionsRDD[9] at mapPartitions at ContextRDD.scala:337) (first 15 tasks are for partitions Vector(1, 2, 3, 4))
2018-11-19 12:09:26 TaskSchedulerImpl: INFO: Adding task set 1.0 with 4 tasks
2018-11-19 12:09:26 TaskSetManager: INFO: Starting task 0.0 in stage 1.0 (TID 1, localhost, executor driver, partition 1, PROCESS_LOCAL, 4741 bytes)
2018-11-19 12:09:26 TaskSetManager: INFO: Starting task 1.0 in stage 1.0 (TID 2, localhost, executor driver, partition 2, PROCESS_LOCAL, 4727 bytes)
2018-11-19 12:09:26 TaskSetManager: INFO: Starting task 2.0 in stage 1.0 (TID 3, localhost, executor driver, partition 3, PROCESS_LOCAL, 4741 bytes)
2018-11-19 12:09:26 TaskSetManager: INFO: Starting task 3.0 in stage 1.0 (TID 4, localhost, executor driver, partition 4, PROCESS_LOCAL, 4741 bytes)
2018-11-19 12:09:26 Executor: INFO: Running task 0.0 in stage 1.0 (TID 1)
2018-11-19 12:09:26 Executor: INFO: Running task 1.0 in stage 1.0 (TID 2)
2018-11-19 12:09:26 Executor: INFO: Running task 2.0 in stage 1.0 (TID 3)
2018-11-19 12:09:26 Executor: INFO: Running task 3.0 in stage 1.0 (TID 4)
2018-11-19 12:09:26 PythonRunner: INFO: Times: total = 2, boot = -482, init = 484, finish = 0
2018-11-19 12:09:26 PythonRunner: INFO: Times: total = 8, boot = 5, init = 3, finish = 0
2018-11-19 12:09:26 PythonRunner: INFO: Times: total = 11, boot = 10, init = 1, finish = 0
2018-11-19 12:09:26 PythonRunner: INFO: Times: total = 16, boot = 9, init = 6, finish = 1
2018-11-19 12:09:26 Executor: INFO: Finished task 1.0 in stage 1.0 (TID 2). 1455 bytes result sent to driver
2018-11-19 12:09:26 TaskSetManager: INFO: Finished task 1.0 in stage 1.0 (TID 2) in 53 ms on localhost (executor driver) (1/4)
2018-11-19 12:09:26 Executor: INFO: Finished task 0.0 in stage 1.0 (TID 1). 1455 bytes result sent to driver
2018-11-19 12:09:26 Executor: INFO: Finished task 3.0 in stage 1.0 (TID 4). 1455 bytes result sent to driver
2018-11-19 12:09:26 Executor: INFO: Finished task 2.0 in stage 1.0 (TID 3). 1455 bytes result sent to driver
2018-11-19 12:09:26 TaskSetManager: INFO: Finished task 2.0 in stage 1.0 (TID 3) in 53 ms on localhost (executor driver) (2/4)
2018-11-19 12:09:26 TaskSetManager: INFO: Finished task 0.0 in stage 1.0 (TID 1) in 63 ms on localhost (executor driver) (3/4)
2018-11-19 12:09:26 TaskSetManager: INFO: Finished task 3.0 in stage 1.0 (TID 4) in 53 ms on localhost (executor driver) (4/4)
2018-11-19 12:09:26 TaskSchedulerImpl: INFO: Removed TaskSet 1.0, whose tasks have all completed, from pool 
2018-11-19 12:09:26 DAGScheduler: INFO: ResultStage 1 (runJob at ContextRDD.scala:506) finished in 0.065 s
2018-11-19 12:09:26 DAGScheduler: INFO: Job 1 finished: runJob at ContextRDD.scala:506, took 0.077844 s
2018-11-19 12:09:26 SparkContext: INFO: Starting job: runJob at ContextRDD.scala:506
2018-11-19 12:09:26 DAGScheduler: INFO: Got job 2 (runJob at ContextRDD.scala:506) with 3 output partitions
2018-11-19 12:09:26 DAGScheduler: INFO: Final stage: ResultStage 2 (runJob at ContextRDD.scala:506)
2018-11-19 12:09:26 DAGScheduler: INFO: Parents of final stage: List()
2018-11-19 12:09:26 DAGScheduler: INFO: Missing parents: List()
2018-11-19 12:09:26 DAGScheduler: INFO: Submitting ResultStage 2 (MapPartitionsRDD[9] at mapPartitions at ContextRDD.scala:337), which has no missing parents
2018-11-19 12:09:26 MemoryStore: INFO: Block broadcast_2 stored as values in memory (estimated size 12.3 KB, free 366.3 MB)
2018-11-19 12:09:26 MemoryStore: INFO: Block broadcast_2_piece0 stored as bytes in memory (estimated size 6.8 KB, free 366.2 MB)
2018-11-19 12:09:26 BlockManagerInfo: INFO: Added broadcast_2_piece0 in memory on 10.0.0.51:51492 (size: 6.8 KB, free: 366.3 MB)
2018-11-19 12:09:26 SparkContext: INFO: Created broadcast 2 from broadcast at DAGScheduler.scala:1006
2018-11-19 12:09:26 DAGScheduler: INFO: Submitting 3 missing tasks from ResultStage 2 (MapPartitionsRDD[9] at mapPartitions at ContextRDD.scala:337) (first 15 tasks are for partitions Vector(5, 6, 7))
2018-11-19 12:09:26 TaskSchedulerImpl: INFO: Adding task set 2.0 with 3 tasks
2018-11-19 12:09:26 TaskSetManager: INFO: Starting task 0.0 in stage 2.0 (TID 5, localhost, executor driver, partition 5, PROCESS_LOCAL, 4727 bytes)
2018-11-19 12:09:26 TaskSetManager: INFO: Starting task 1.0 in stage 2.0 (TID 6, localhost, executor driver, partition 6, PROCESS_LOCAL, 4741 bytes)
2018-11-19 12:09:26 TaskSetManager: INFO: Starting task 2.0 in stage 2.0 (TID 7, localhost, executor driver, partition 7, PROCESS_LOCAL, 4741 bytes)
2018-11-19 12:09:26 Executor: INFO: Running task 1.0 in stage 2.0 (TID 6)
2018-11-19 12:09:26 Executor: INFO: Running task 0.0 in stage 2.0 (TID 5)
2018-11-19 12:09:26 Executor: INFO: Running task 2.0 in stage 2.0 (TID 7)
2018-11-19 12:09:26 PythonRunner: INFO: Times: total = 1, boot = -35, init = 36, finish = 0
2018-11-19 12:09:26 PythonRunner: INFO: Times: total = 1, boot = -30, init = 31, finish = 0
2018-11-19 12:09:26 PythonRunner: INFO: Times: total = 1, boot = -51, init = 52, finish = 0
2018-11-19 12:09:26 Executor: INFO: Finished task 2.0 in stage 2.0 (TID 7). 1455 bytes result sent to driver
2018-11-19 12:09:26 TaskSetManager: INFO: Finished task 2.0 in stage 2.0 (TID 7) in 21 ms on localhost (executor driver) (1/3)
2018-11-19 12:09:26 Executor: INFO: Finished task 1.0 in stage 2.0 (TID 6). 1455 bytes result sent to driver
2018-11-19 12:09:26 Executor: INFO: Finished task 0.0 in stage 2.0 (TID 5). 1455 bytes result sent to driver
2018-11-19 12:09:26 TaskSetManager: INFO: Finished task 1.0 in stage 2.0 (TID 6) in 26 ms on localhost (executor driver) (2/3)
2018-11-19 12:09:26 TaskSetManager: INFO: Finished task 0.0 in stage 2.0 (TID 5) in 29 ms on localhost (executor driver) (3/3)
2018-11-19 12:09:26 TaskSchedulerImpl: INFO: Removed TaskSet 2.0, whose tasks have all completed, from pool 
2018-11-19 12:09:26 DAGScheduler: INFO: ResultStage 2 (runJob at ContextRDD.scala:506) finished in 0.030 s
2018-11-19 12:09:26 DAGScheduler: INFO: Job 2 finished: runJob at ContextRDD.scala:506, took 0.043836 s
2018-11-19 12:09:26 MemoryStore: INFO: Block broadcast_3 stored as values in memory (estimated size 1640.0 B, free 366.2 MB)
2018-11-19 12:09:26 MemoryStore: INFO: Block broadcast_3_piece0 stored as bytes in memory (estimated size 380.0 B, free 366.2 MB)
2018-11-19 12:09:26 BlockManagerInfo: INFO: Added broadcast_3_piece0 in memory on 10.0.0.51:51492 (size: 380.0 B, free: 366.3 MB)
2018-11-19 12:09:26 SparkContext: INFO: Created broadcast 3 from broadcast at RVDPartitioner.scala:79
2018-11-19 12:09:26 SparkContext: INFO: Starting job: collect at Table.scala:545
2018-11-19 12:09:26 DAGScheduler: INFO: Got job 3 (collect at Table.scala:545) with 8 output partitions
2018-11-19 12:09:26 DAGScheduler: INFO: Final stage: ResultStage 3 (collect at Table.scala:545)
2018-11-19 12:09:26 DAGScheduler: INFO: Parents of final stage: List()
2018-11-19 12:09:26 DAGScheduler: INFO: Missing parents: List()
2018-11-19 12:09:26 DAGScheduler: INFO: Submitting ResultStage 3 (MapPartitionsRDD[15] at mapPartitions at ContextRDD.scala:133), which has no missing parents
2018-11-19 12:09:26 MemoryStore: INFO: Block broadcast_4 stored as values in memory (estimated size 17.0 KB, free 366.2 MB)
2018-11-19 12:09:26 MemoryStore: INFO: Block broadcast_4_piece0 stored as bytes in memory (estimated size 8.8 KB, free 366.2 MB)
2018-11-19 12:09:26 BlockManagerInfo: INFO: Added broadcast_4_piece0 in memory on 10.0.0.51:51492 (size: 8.8 KB, free: 366.3 MB)
2018-11-19 12:09:26 SparkContext: INFO: Created broadcast 4 from broadcast at DAGScheduler.scala:1006
2018-11-19 12:09:26 DAGScheduler: INFO: Submitting 8 missing tasks from ResultStage 3 (MapPartitionsRDD[15] at mapPartitions at ContextRDD.scala:133) (first 15 tasks are for partitions Vector(0, 1, 2, 3, 4, 5, 6, 7))
2018-11-19 12:09:26 TaskSchedulerImpl: INFO: Adding task set 3.0 with 8 tasks
2018-11-19 12:09:26 TaskSetManager: INFO: Starting task 0.0 in stage 3.0 (TID 8, localhost, executor driver, partition 0, PROCESS_LOCAL, 4821 bytes)
2018-11-19 12:09:26 TaskSetManager: INFO: Starting task 1.0 in stage 3.0 (TID 9, localhost, executor driver, partition 1, PROCESS_LOCAL, 4835 bytes)
2018-11-19 12:09:26 TaskSetManager: INFO: Starting task 2.0 in stage 3.0 (TID 10, localhost, executor driver, partition 2, PROCESS_LOCAL, 4821 bytes)
2018-11-19 12:09:26 TaskSetManager: INFO: Starting task 3.0 in stage 3.0 (TID 11, localhost, executor driver, partition 3, PROCESS_LOCAL, 4835 bytes)
2018-11-19 12:09:26 TaskSetManager: INFO: Starting task 4.0 in stage 3.0 (TID 12, localhost, executor driver, partition 4, PROCESS_LOCAL, 4835 bytes)
2018-11-19 12:09:26 TaskSetManager: INFO: Starting task 5.0 in stage 3.0 (TID 13, localhost, executor driver, partition 5, PROCESS_LOCAL, 4821 bytes)
2018-11-19 12:09:26 TaskSetManager: INFO: Starting task 6.0 in stage 3.0 (TID 14, localhost, executor driver, partition 6, PROCESS_LOCAL, 4835 bytes)
2018-11-19 12:09:26 TaskSetManager: INFO: Starting task 7.0 in stage 3.0 (TID 15, localhost, executor driver, partition 7, PROCESS_LOCAL, 4835 bytes)
2018-11-19 12:09:26 Executor: INFO: Running task 3.0 in stage 3.0 (TID 11)
2018-11-19 12:09:26 Executor: INFO: Running task 1.0 in stage 3.0 (TID 9)
2018-11-19 12:09:26 Executor: INFO: Running task 0.0 in stage 3.0 (TID 8)
2018-11-19 12:09:26 Executor: INFO: Running task 2.0 in stage 3.0 (TID 10)
2018-11-19 12:09:26 Executor: INFO: Running task 4.0 in stage 3.0 (TID 12)
2018-11-19 12:09:26 Executor: INFO: Running task 6.0 in stage 3.0 (TID 14)
2018-11-19 12:09:26 Executor: INFO: Running task 7.0 in stage 3.0 (TID 15)
2018-11-19 12:09:26 Executor: INFO: Running task 5.0 in stage 3.0 (TID 13)
2018-11-19 12:09:26 PythonRunner: INFO: Times: total = 4, boot = -226, init = 230, finish = 0
2018-11-19 12:09:26 PythonRunner: INFO: Times: total = 6, boot = -226, init = 232, finish = 0
2018-11-19 12:09:26 Executor: INFO: Finished task 0.0 in stage 3.0 (TID 8). 1484 bytes result sent to driver
2018-11-19 12:09:26 PythonRunner: INFO: Times: total = 20, boot = 8, init = 12, finish = 0
2018-11-19 12:09:26 PythonRunner: INFO: Times: total = 18, boot = -227, init = 245, finish = 0
2018-11-19 12:09:26 Executor: INFO: Finished task 4.0 in stage 3.0 (TID 12). 1511 bytes result sent to driver
2018-11-19 12:09:26 PythonRunner: INFO: Times: total = 3, boot = -6, init = 9, finish = 0
2018-11-19 12:09:26 Executor: INFO: Finished task 2.0 in stage 3.0 (TID 10). 1484 bytes result sent to driver
2018-11-19 12:09:26 TaskSetManager: INFO: Finished task 0.0 in stage 3.0 (TID 8) in 81 ms on localhost (executor driver) (1/8)
2018-11-19 12:09:26 TaskSetManager: INFO: Finished task 2.0 in stage 3.0 (TID 10) in 76 ms on localhost (executor driver) (2/8)
2018-11-19 12:09:26 PythonRunner: INFO: Times: total = 34, boot = 14, init = 20, finish = 0
2018-11-19 12:09:26 Executor: INFO: Finished task 5.0 in stage 3.0 (TID 13). 1484 bytes result sent to driver
2018-11-19 12:09:26 TaskSetManager: INFO: Finished task 5.0 in stage 3.0 (TID 13) in 76 ms on localhost (executor driver) (3/8)
2018-11-19 12:09:26 Executor: INFO: Finished task 6.0 in stage 3.0 (TID 14). 1511 bytes result sent to driver
2018-11-19 12:09:26 Executor: INFO: Finished task 3.0 in stage 3.0 (TID 11). 1511 bytes result sent to driver
2018-11-19 12:09:26 PythonRunner: INFO: Times: total = 39, boot = 8, init = 31, finish = 0
2018-11-19 12:09:26 Executor: INFO: Finished task 1.0 in stage 3.0 (TID 9). 1511 bytes result sent to driver
2018-11-19 12:09:26 TaskSetManager: INFO: Finished task 4.0 in stage 3.0 (TID 12) in 98 ms on localhost (executor driver) (4/8)
2018-11-19 12:09:26 TaskSetManager: INFO: Finished task 3.0 in stage 3.0 (TID 11) in 100 ms on localhost (executor driver) (5/8)
2018-11-19 12:09:26 PythonRunner: INFO: Times: total = 29, boot = 29, init = 0, finish = 0
2018-11-19 12:09:26 TaskSetManager: INFO: Finished task 6.0 in stage 3.0 (TID 14) in 94 ms on localhost (executor driver) (6/8)
2018-11-19 12:09:26 TaskSetManager: INFO: Finished task 1.0 in stage 3.0 (TID 9) in 105 ms on localhost (executor driver) (7/8)
2018-11-19 12:09:26 Executor: INFO: Finished task 7.0 in stage 3.0 (TID 15). 1511 bytes result sent to driver
2018-11-19 12:09:26 TaskSetManager: INFO: Finished task 7.0 in stage 3.0 (TID 15) in 98 ms on localhost (executor driver) (8/8)
2018-11-19 12:09:26 TaskSchedulerImpl: INFO: Removed TaskSet 3.0, whose tasks have all completed, from pool 
2018-11-19 12:09:26 DAGScheduler: INFO: ResultStage 3 (collect at Table.scala:545) finished in 0.115 s
2018-11-19 12:09:26 DAGScheduler: INFO: Job 3 finished: collect at Table.scala:545, took 0.141770 s
2018-11-19 12:13:09 root: INFO: optimize: before:
(TableKeyBy (`0`) False
  (TableMapRows
    (TableKeyBy () False
      (TableKeyBy () False
        (TableLiteral)))
    (InsertFields
      (Ref row)
      (0
        (GetField `0`
          (Ref row))))))
2018-11-19 12:13:09 root: INFO: optimize: after:
(TableKeyBy (`0`) False
  (TableMapRows
    (TableLiteral)
    (InsertFields
      (Ref row)
      (0
        (GetField `0`
          (Ref row))))))
2018-11-19 12:13:09 root: INFO: optimize: before:
(InsertFields
  (Ref global))
2018-11-19 12:13:09 root: INFO: optimize: after:
(Ref global)
2018-11-19 12:13:09 MemoryStore: INFO: Block broadcast_5 stored as values in memory (estimated size 56.0 B, free 366.2 MB)
2018-11-19 12:13:09 MemoryStore: INFO: Block broadcast_5_piece0 stored as bytes in memory (estimated size 67.0 B, free 366.2 MB)
2018-11-19 12:13:09 BlockManagerInfo: INFO: Added broadcast_5_piece0 in memory on 10.0.0.51:51492 (size: 67.0 B, free: 366.3 MB)
2018-11-19 12:13:09 SparkContext: INFO: Created broadcast 5 from broadcast at BroadcastValue.scala:14
2018-11-19 12:13:09 root: INFO: initop (Begin)
2018-11-19 12:13:09 root: INFO: is/hail/codegen/generated/C0.<init> instruction count: 3
2018-11-19 12:13:09 root: INFO: is/hail/codegen/generated/C0.apply instruction count: 15
2018-11-19 12:13:09 root: INFO: is/hail/codegen/generated/C0.apply instruction count: 16
2018-11-19 12:13:09 root: INFO: is/hail/codegen/generated/C0.setPartitionIndex instruction count: 14
2018-11-19 12:13:09 root: INFO: seqop (Begin)
2018-11-19 12:13:09 root: INFO: is/hail/codegen/generated/C1.<init> instruction count: 3
2018-11-19 12:13:09 root: INFO: is/hail/codegen/generated/C1.apply instruction count: 15
2018-11-19 12:13:09 root: INFO: is/hail/codegen/generated/C1.apply instruction count: 22
2018-11-19 12:13:09 root: INFO: is/hail/codegen/generated/C1.setPartitionIndex instruction count: 14
2018-11-19 12:13:09 root: INFO: is/hail/codegen/generated/C2.<init> instruction count: 3
2018-11-19 12:13:09 root: INFO: is/hail/codegen/generated/C2.apply instruction count: 79
2018-11-19 12:13:09 root: INFO: is/hail/codegen/generated/C2.apply instruction count: 28
2018-11-19 12:13:09 root: INFO: is/hail/codegen/generated/C2.setPartitionIndex instruction count: 14
2018-11-19 12:13:09 MemoryStore: INFO: Block broadcast_6 stored as values in memory (estimated size 1640.0 B, free 366.2 MB)
2018-11-19 12:13:09 MemoryStore: INFO: Block broadcast_6_piece0 stored as bytes in memory (estimated size 380.0 B, free 366.2 MB)
2018-11-19 12:13:09 BlockManagerInfo: INFO: Added broadcast_6_piece0 in memory on 10.0.0.51:51492 (size: 380.0 B, free: 366.3 MB)
2018-11-19 12:13:09 SparkContext: INFO: Created broadcast 6 from broadcast at RVDPartitioner.scala:79
2018-11-19 12:13:09 root: INFO: optimize: before:
(SelectFields ()
  (Ref global))
2018-11-19 12:13:09 root: INFO: optimize: after:
(SelectFields ()
  (Ref global))
2018-11-19 12:13:09 SparkContext: INFO: Starting job: collect at ContextRDD.scala:139
2018-11-19 12:13:09 DAGScheduler: INFO: Got job 4 (collect at ContextRDD.scala:139) with 8 output partitions
2018-11-19 12:13:09 DAGScheduler: INFO: Final stage: ResultStage 4 (collect at ContextRDD.scala:139)
2018-11-19 12:13:09 DAGScheduler: INFO: Parents of final stage: List()
2018-11-19 12:13:09 DAGScheduler: INFO: Missing parents: List()
2018-11-19 12:13:09 DAGScheduler: INFO: Submitting ResultStage 4 (MapPartitionsRDD[20] at mapPartitions at ContextRDD.scala:133), which has no missing parents
2018-11-19 12:13:09 MemoryStore: INFO: Block broadcast_7 stored as values in memory (estimated size 19.2 KB, free 366.2 MB)
2018-11-19 12:13:09 MemoryStore: INFO: Block broadcast_7_piece0 stored as bytes in memory (estimated size 10.3 KB, free 366.2 MB)
2018-11-19 12:13:09 BlockManagerInfo: INFO: Added broadcast_7_piece0 in memory on 10.0.0.51:51492 (size: 10.3 KB, free: 366.3 MB)
2018-11-19 12:13:09 SparkContext: INFO: Created broadcast 7 from broadcast at DAGScheduler.scala:1006
2018-11-19 12:13:09 DAGScheduler: INFO: Submitting 8 missing tasks from ResultStage 4 (MapPartitionsRDD[20] at mapPartitions at ContextRDD.scala:133) (first 15 tasks are for partitions Vector(0, 1, 2, 3, 4, 5, 6, 7))
2018-11-19 12:13:09 TaskSchedulerImpl: INFO: Adding task set 4.0 with 8 tasks
2018-11-19 12:13:10 TaskSetManager: INFO: Starting task 0.0 in stage 4.0 (TID 16, localhost, executor driver, partition 0, PROCESS_LOCAL, 4727 bytes)
2018-11-19 12:13:10 TaskSetManager: INFO: Starting task 1.0 in stage 4.0 (TID 17, localhost, executor driver, partition 1, PROCESS_LOCAL, 4741 bytes)
2018-11-19 12:13:10 TaskSetManager: INFO: Starting task 2.0 in stage 4.0 (TID 18, localhost, executor driver, partition 2, PROCESS_LOCAL, 4727 bytes)
2018-11-19 12:13:10 TaskSetManager: INFO: Starting task 3.0 in stage 4.0 (TID 19, localhost, executor driver, partition 3, PROCESS_LOCAL, 4741 bytes)
2018-11-19 12:13:10 TaskSetManager: INFO: Starting task 4.0 in stage 4.0 (TID 20, localhost, executor driver, partition 4, PROCESS_LOCAL, 4741 bytes)
2018-11-19 12:13:10 TaskSetManager: INFO: Starting task 5.0 in stage 4.0 (TID 21, localhost, executor driver, partition 5, PROCESS_LOCAL, 4727 bytes)
2018-11-19 12:13:10 TaskSetManager: INFO: Starting task 6.0 in stage 4.0 (TID 22, localhost, executor driver, partition 6, PROCESS_LOCAL, 4741 bytes)
2018-11-19 12:13:10 TaskSetManager: INFO: Starting task 7.0 in stage 4.0 (TID 23, localhost, executor driver, partition 7, PROCESS_LOCAL, 4741 bytes)
2018-11-19 12:13:10 Executor: INFO: Running task 0.0 in stage 4.0 (TID 16)
2018-11-19 12:13:10 Executor: INFO: Running task 1.0 in stage 4.0 (TID 17)
2018-11-19 12:13:10 Executor: INFO: Running task 2.0 in stage 4.0 (TID 18)
2018-11-19 12:13:10 Executor: INFO: Running task 4.0 in stage 4.0 (TID 20)
2018-11-19 12:13:10 Executor: INFO: Running task 3.0 in stage 4.0 (TID 19)
2018-11-19 12:13:10 Executor: INFO: Running task 5.0 in stage 4.0 (TID 21)
2018-11-19 12:13:10 Executor: INFO: Running task 6.0 in stage 4.0 (TID 22)
2018-11-19 12:13:10 Executor: INFO: Running task 7.0 in stage 4.0 (TID 23)
2018-11-19 12:13:10 PythonRunner: INFO: Times: total = 7, boot = 6, init = 1, finish = 0
2018-11-19 12:13:10 PythonRunner: INFO: Times: total = 10, boot = 7, init = 3, finish = 0
2018-11-19 12:13:10 PythonRunner: INFO: Times: total = 16, boot = 12, init = 4, finish = 0
2018-11-19 12:13:10 PythonRunner: INFO: Times: total = 22, boot = 17, init = 4, finish = 1
2018-11-19 12:13:10 PythonRunner: INFO: Times: total = 25, boot = 22, init = 3, finish = 0
2018-11-19 12:13:10 PythonRunner: INFO: Times: total = 32, boot = 28, init = 4, finish = 0
2018-11-19 12:13:10 Executor: INFO: Finished task 2.0 in stage 4.0 (TID 18). 1531 bytes result sent to driver
2018-11-19 12:13:10 Executor: INFO: Finished task 5.0 in stage 4.0 (TID 21). 1531 bytes result sent to driver
2018-11-19 12:13:10 TaskSetManager: INFO: Finished task 5.0 in stage 4.0 (TID 21) in 79 ms on localhost (executor driver) (1/8)
2018-11-19 12:13:10 PythonRunner: INFO: Times: total = 60, boot = 34, init = 26, finish = 0
2018-11-19 12:13:10 TaskSetManager: INFO: Finished task 2.0 in stage 4.0 (TID 18) in 84 ms on localhost (executor driver) (2/8)
2018-11-19 12:13:10 Executor: INFO: Finished task 1.0 in stage 4.0 (TID 17). 1656 bytes result sent to driver
2018-11-19 12:13:10 Executor: INFO: Finished task 7.0 in stage 4.0 (TID 23). 1656 bytes result sent to driver
2018-11-19 12:13:10 Executor: INFO: Finished task 6.0 in stage 4.0 (TID 22). 1656 bytes result sent to driver
2018-11-19 12:13:10 Executor: INFO: Finished task 4.0 in stage 4.0 (TID 20). 1699 bytes result sent to driver
2018-11-19 12:13:10 Executor: INFO: Finished task 3.0 in stage 4.0 (TID 19). 1656 bytes result sent to driver
2018-11-19 12:13:10 PythonRunner: INFO: Times: total = 71, boot = 48, init = 23, finish = 0
2018-11-19 12:13:10 TaskSetManager: INFO: Finished task 4.0 in stage 4.0 (TID 20) in 92 ms on localhost (executor driver) (3/8)
2018-11-19 12:13:10 Executor: INFO: Finished task 0.0 in stage 4.0 (TID 16). 1531 bytes result sent to driver
2018-11-19 12:13:10 TaskSetManager: INFO: Finished task 7.0 in stage 4.0 (TID 23) in 88 ms on localhost (executor driver) (4/8)
2018-11-19 12:13:10 TaskSetManager: INFO: Finished task 0.0 in stage 4.0 (TID 16) in 102 ms on localhost (executor driver) (5/8)
2018-11-19 12:13:10 TaskSetManager: INFO: Finished task 3.0 in stage 4.0 (TID 19) in 97 ms on localhost (executor driver) (6/8)
2018-11-19 12:13:10 TaskSetManager: INFO: Finished task 1.0 in stage 4.0 (TID 17) in 101 ms on localhost (executor driver) (7/8)
2018-11-19 12:13:10 TaskSetManager: INFO: Finished task 6.0 in stage 4.0 (TID 22) in 92 ms on localhost (executor driver) (8/8)
2018-11-19 12:13:10 TaskSchedulerImpl: INFO: Removed TaskSet 4.0, whose tasks have all completed, from pool 
2018-11-19 12:13:10 DAGScheduler: INFO: ResultStage 4 (collect at ContextRDD.scala:139) finished in 0.106 s
2018-11-19 12:13:10 BlockManagerInfo: INFO: Removed broadcast_0_piece0 on 10.0.0.51:51492 in memory (size: 6.8 KB, free: 366.3 MB)
2018-11-19 12:13:10 DAGScheduler: INFO: Job 4 finished: collect at ContextRDD.scala:139, took 0.122323 s
2018-11-19 12:13:10 BlockManagerInfo: INFO: Removed broadcast_2_piece0 on 10.0.0.51:51492 in memory (size: 6.8 KB, free: 366.3 MB)
2018-11-19 12:13:10 BlockManagerInfo: INFO: Removed broadcast_1_piece0 on 10.0.0.51:51492 in memory (size: 6.8 KB, free: 366.3 MB)
2018-11-19 12:13:10 BlockManagerInfo: INFO: Removed broadcast_4_piece0 on 10.0.0.51:51492 in memory (size: 8.8 KB, free: 366.3 MB)
2018-11-19 12:13:10 Hail: INFO: Coerced sorted dataset
2018-11-19 12:13:10 Hail: INFO: Coerced dataset with out-of-order partitions.
2018-11-19 12:13:10 MemoryStore: INFO: Block broadcast_8 stored as values in memory (estimated size 1928.0 B, free 366.3 MB)
2018-11-19 12:13:10 MemoryStore: INFO: Block broadcast_8_piece0 stored as bytes in memory (estimated size 557.0 B, free 366.3 MB)
2018-11-19 12:13:10 BlockManagerInfo: INFO: Added broadcast_8_piece0 in memory on 10.0.0.51:51492 (size: 557.0 B, free: 366.3 MB)
2018-11-19 12:13:10 SparkContext: INFO: Created broadcast 8 from broadcast at RVDPartitioner.scala:79
2018-11-19 12:13:10 MemoryStore: INFO: Block broadcast_9 stored as values in memory (estimated size 608.0 B, free 366.3 MB)
2018-11-19 12:13:10 MemoryStore: INFO: Block broadcast_9_piece0 stored as bytes in memory (estimated size 200.0 B, free 366.3 MB)
2018-11-19 12:13:10 BlockManagerInfo: INFO: Added broadcast_9_piece0 in memory on 10.0.0.51:51492 (size: 200.0 B, free: 366.3 MB)
2018-11-19 12:13:10 SparkContext: INFO: Created broadcast 9 from broadcast at RepartitionedOrderedRDD2.scala:37
2018-11-19 12:13:10 MemoryStore: INFO: Block broadcast_10 stored as values in memory (estimated size 1320.0 B, free 366.3 MB)
2018-11-19 12:13:10 MemoryStore: INFO: Block broadcast_10_piece0 stored as bytes in memory (estimated size 479.0 B, free 366.3 MB)
2018-11-19 12:13:10 BlockManagerInfo: INFO: Added broadcast_10_piece0 in memory on 10.0.0.51:51492 (size: 479.0 B, free: 366.3 MB)
2018-11-19 12:13:10 SparkContext: INFO: Created broadcast 10 from broadcast at RVDPartitioner.scala:79
2018-11-19 12:13:37 root: INFO: optimize: before:
(TableHead 11
  (TableMapGlobals
    (MatrixRowsTable
      (MatrixMapRows
        (MatrixLiteral)
        (InsertFields
          (MakeStruct
            (0
              (GetField `0`
                (Ref va))))
          (<expr>
            (SelectFields ()
              (MakeStruct
                (0
                  (GetField `0`
                    (Ref va)))))))))
    (MakeStruct)))
2018-11-19 12:13:37 root: INFO: optimize: after:
(TableMapGlobals
  (TableHead 11
    (MatrixRowsTable
      (MatrixMapRows
        (MatrixLiteral)
        (MakeStruct
          (0
            (GetField `0`
              (Ref va)))
          (<expr>
            (MakeStruct))))))
  (MakeStruct))
2018-11-19 12:13:37 root: INFO: optimize: before:
(InsertFields
  (Ref global))
2018-11-19 12:13:37 root: INFO: optimize: after:
(Ref global)
2018-11-19 12:13:37 MemoryStore: INFO: Block broadcast_11 stored as values in memory (estimated size 64.0 B, free 366.3 MB)
2018-11-19 12:13:37 MemoryStore: INFO: Block broadcast_11_piece0 stored as bytes in memory (estimated size 122.0 B, free 366.3 MB)
2018-11-19 12:13:37 BlockManagerInfo: INFO: Added broadcast_11_piece0 in memory on 10.0.0.51:51492 (size: 122.0 B, free: 366.3 MB)
2018-11-19 12:13:37 SparkContext: INFO: Created broadcast 11 from broadcast at BroadcastValue.scala:14
2018-11-19 12:13:37 MemoryStore: INFO: Block broadcast_12 stored as values in memory (estimated size 56.0 B, free 366.3 MB)
2018-11-19 12:13:37 MemoryStore: INFO: Block broadcast_12_piece0 stored as bytes in memory (estimated size 67.0 B, free 366.3 MB)
2018-11-19 12:13:37 BlockManagerInfo: INFO: Added broadcast_12_piece0 in memory on 10.0.0.51:51492 (size: 67.0 B, free: 366.3 MB)
2018-11-19 12:13:37 SparkContext: INFO: Created broadcast 12 from broadcast at BroadcastValue.scala:14
2018-11-19 12:13:37 root: INFO: initop (Begin)
2018-11-19 12:13:37 root: INFO: is/hail/codegen/generated/C3.<init> instruction count: 3
2018-11-19 12:13:37 root: INFO: is/hail/codegen/generated/C3.apply instruction count: 15
2018-11-19 12:13:37 root: INFO: is/hail/codegen/generated/C3.apply instruction count: 22
2018-11-19 12:13:37 root: INFO: is/hail/codegen/generated/C3.setPartitionIndex instruction count: 14
2018-11-19 12:13:37 root: INFO: seqop (ArrayFor i
  (ArrayRange
    (I32 0)
    (I32 0)
    (I32 1))
  (Let g
    (ArrayRef
      (GetField `the entries! [877f12a8827e18f61222c6c8c5fb04a8]`
        (Ref va))
      (Ref i))
    (Begin)))
2018-11-19 12:13:37 root: INFO: is/hail/codegen/generated/C4.<init> instruction count: 3
2018-11-19 12:13:37 root: INFO: is/hail/codegen/generated/C4.apply instruction count: 15
2018-11-19 12:13:37 root: INFO: is/hail/codegen/generated/C4.apply instruction count: 28
2018-11-19 12:13:37 root: INFO: is/hail/codegen/generated/C4.setPartitionIndex instruction count: 14
2018-11-19 12:13:37 root: INFO: initop (Begin)
2018-11-19 12:13:37 root: INFO: is/hail/codegen/generated/C5.<init> instruction count: 3
2018-11-19 12:13:37 root: INFO: is/hail/codegen/generated/C5.apply instruction count: 15
2018-11-19 12:13:37 root: INFO: is/hail/codegen/generated/C5.apply instruction count: 16
2018-11-19 12:13:37 root: INFO: is/hail/codegen/generated/C5.setPartitionIndex instruction count: 14
2018-11-19 12:13:37 root: INFO: seqop (Begin)
2018-11-19 12:13:37 root: INFO: is/hail/codegen/generated/C6.<init> instruction count: 3
2018-11-19 12:13:37 root: INFO: is/hail/codegen/generated/C6.apply instruction count: 15
2018-11-19 12:13:37 root: INFO: is/hail/codegen/generated/C6.apply instruction count: 22
2018-11-19 12:13:37 root: INFO: is/hail/codegen/generated/C6.setPartitionIndex instruction count: 14
2018-11-19 12:13:37 root: INFO: is/hail/codegen/generated/C7.<init> instruction count: 3
2018-11-19 12:13:37 root: INFO: is/hail/codegen/generated/C7.apply instruction count: 47
2018-11-19 12:13:37 root: INFO: is/hail/codegen/generated/C7.apply instruction count: 34
2018-11-19 12:13:37 root: INFO: is/hail/codegen/generated/C7.method1 instruction count: 121
2018-11-19 12:13:37 root: INFO: is/hail/codegen/generated/C7.setPartitionIndex instruction count: 14
2018-11-19 12:13:37 MemoryStore: INFO: Block broadcast_13 stored as values in memory (estimated size 1320.0 B, free 366.3 MB)
2018-11-19 12:13:37 MemoryStore: INFO: Block broadcast_13_piece0 stored as bytes in memory (estimated size 479.0 B, free 366.3 MB)
2018-11-19 12:13:37 BlockManagerInfo: INFO: Added broadcast_13_piece0 in memory on 10.0.0.51:51492 (size: 479.0 B, free: 366.3 MB)
2018-11-19 12:13:37 SparkContext: INFO: Created broadcast 13 from broadcast at RVDPartitioner.scala:79
2018-11-19 12:13:37 root: INFO: optimize: before:
(SelectFields ()
  (Ref global))
2018-11-19 12:13:37 root: INFO: optimize: after:
(SelectFields ()
  (Ref global))
2018-11-19 12:13:37 MemoryStore: INFO: Block broadcast_14 stored as values in memory (estimated size 1320.0 B, free 366.3 MB)
2018-11-19 12:13:37 MemoryStore: INFO: Block broadcast_14_piece0 stored as bytes in memory (estimated size 479.0 B, free 366.3 MB)
2018-11-19 12:13:37 BlockManagerInfo: INFO: Added broadcast_14_piece0 in memory on 10.0.0.51:51492 (size: 479.0 B, free: 366.3 MB)
2018-11-19 12:13:37 SparkContext: INFO: Created broadcast 14 from broadcast at RVDPartitioner.scala:79
2018-11-19 12:13:37 SparkContext: INFO: Starting job: runJob at ContextRDD.scala:506
2018-11-19 12:13:37 DAGScheduler: INFO: Got job 5 (runJob at ContextRDD.scala:506) with 1 output partitions
2018-11-19 12:13:37 DAGScheduler: INFO: Final stage: ResultStage 5 (runJob at ContextRDD.scala:506)
2018-11-19 12:13:37 DAGScheduler: INFO: Parents of final stage: List()
2018-11-19 12:13:37 DAGScheduler: INFO: Missing parents: List()
2018-11-19 12:13:37 DAGScheduler: INFO: Submitting ResultStage 5 (MapPartitionsRDD[31] at mapPartitionsWithIndex at ContextRDD.scala:354), which has no missing parents
2018-11-19 12:13:37 MemoryStore: INFO: Block broadcast_15 stored as values in memory (estimated size 34.7 KB, free 366.2 MB)
2018-11-19 12:13:37 MemoryStore: INFO: Block broadcast_15_piece0 stored as bytes in memory (estimated size 15.9 KB, free 366.2 MB)
2018-11-19 12:13:37 BlockManagerInfo: INFO: Added broadcast_15_piece0 in memory on 10.0.0.51:51492 (size: 15.9 KB, free: 366.3 MB)
2018-11-19 12:13:37 SparkContext: INFO: Created broadcast 15 from broadcast at DAGScheduler.scala:1006
2018-11-19 12:13:37 DAGScheduler: INFO: Submitting 1 missing tasks from ResultStage 5 (MapPartitionsRDD[31] at mapPartitionsWithIndex at ContextRDD.scala:354) (first 15 tasks are for partitions Vector(0))
2018-11-19 12:13:37 TaskSchedulerImpl: INFO: Adding task set 5.0 with 1 tasks
2018-11-19 12:13:37 TaskSetManager: INFO: Starting task 0.0 in stage 5.0 (TID 24, localhost, executor driver, partition 0, PROCESS_LOCAL, 5538 bytes)
2018-11-19 12:13:37 Executor: INFO: Running task 0.0 in stage 5.0 (TID 24)
2018-11-19 12:13:37 PythonRunner: INFO: Times: total = 1, boot = -27861, init = 27862, finish = 0
2018-11-19 12:13:37 PythonRunner: INFO: Times: total = 0, boot = -27876, init = 27876, finish = 0
2018-11-19 12:13:37 Executor: INFO: Finished task 0.0 in stage 5.0 (TID 24). 1455 bytes result sent to driver
2018-11-19 12:13:37 TaskSetManager: INFO: Finished task 0.0 in stage 5.0 (TID 24) in 32 ms on localhost (executor driver) (1/1)
2018-11-19 12:13:37 TaskSchedulerImpl: INFO: Removed TaskSet 5.0, whose tasks have all completed, from pool 
2018-11-19 12:13:37 DAGScheduler: INFO: ResultStage 5 (runJob at ContextRDD.scala:506) finished in 0.033 s
2018-11-19 12:13:37 DAGScheduler: INFO: Job 5 finished: runJob at ContextRDD.scala:506, took 0.041630 s
2018-11-19 12:13:38 SparkContext: INFO: Starting job: runJob at ContextRDD.scala:506
2018-11-19 12:13:38 DAGScheduler: INFO: Got job 6 (runJob at ContextRDD.scala:506) with 2 output partitions
2018-11-19 12:13:38 DAGScheduler: INFO: Final stage: ResultStage 6 (runJob at ContextRDD.scala:506)
2018-11-19 12:13:38 DAGScheduler: INFO: Parents of final stage: List()
2018-11-19 12:13:38 DAGScheduler: INFO: Missing parents: List()
2018-11-19 12:13:38 DAGScheduler: INFO: Submitting ResultStage 6 (MapPartitionsRDD[31] at mapPartitionsWithIndex at ContextRDD.scala:354), which has no missing parents
2018-11-19 12:13:38 MemoryStore: INFO: Block broadcast_16 stored as values in memory (estimated size 34.7 KB, free 366.2 MB)
2018-11-19 12:13:38 MemoryStore: INFO: Block broadcast_16_piece0 stored as bytes in memory (estimated size 15.9 KB, free 366.2 MB)
2018-11-19 12:13:38 BlockManagerInfo: INFO: Added broadcast_16_piece0 in memory on 10.0.0.51:51492 (size: 15.9 KB, free: 366.3 MB)
2018-11-19 12:13:38 SparkContext: INFO: Created broadcast 16 from broadcast at DAGScheduler.scala:1006
2018-11-19 12:13:38 DAGScheduler: INFO: Submitting 2 missing tasks from ResultStage 6 (MapPartitionsRDD[31] at mapPartitionsWithIndex at ContextRDD.scala:354) (first 15 tasks are for partitions Vector(1, 2))
2018-11-19 12:13:38 TaskSchedulerImpl: INFO: Adding task set 6.0 with 2 tasks
2018-11-19 12:13:38 TaskSetManager: INFO: Starting task 0.0 in stage 6.0 (TID 25, localhost, executor driver, partition 1, PROCESS_LOCAL, 5538 bytes)
2018-11-19 12:13:38 TaskSetManager: INFO: Starting task 1.0 in stage 6.0 (TID 26, localhost, executor driver, partition 2, PROCESS_LOCAL, 5437 bytes)
2018-11-19 12:13:38 Executor: INFO: Running task 1.0 in stage 6.0 (TID 26)
2018-11-19 12:13:38 Executor: INFO: Running task 0.0 in stage 6.0 (TID 25)
2018-11-19 12:13:38 PythonRunner: INFO: Times: total = 1, boot = -27899, init = 27900, finish = 0
2018-11-19 12:13:38 PythonRunner: INFO: Times: total = 1, boot = -27898, init = 27899, finish = 0
2018-11-19 12:13:38 Executor: INFO: Finished task 1.0 in stage 6.0 (TID 26). 1455 bytes result sent to driver
2018-11-19 12:13:38 PythonRunner: INFO: Times: total = 1, boot = -27940, init = 27941, finish = 0
2018-11-19 12:13:38 TaskSetManager: INFO: Finished task 1.0 in stage 6.0 (TID 26) in 18 ms on localhost (executor driver) (1/2)
2018-11-19 12:13:38 Executor: INFO: Finished task 0.0 in stage 6.0 (TID 25). 1455 bytes result sent to driver
2018-11-19 12:13:38 TaskSetManager: INFO: Finished task 0.0 in stage 6.0 (TID 25) in 23 ms on localhost (executor driver) (2/2)
2018-11-19 12:13:38 TaskSchedulerImpl: INFO: Removed TaskSet 6.0, whose tasks have all completed, from pool 
2018-11-19 12:13:38 DAGScheduler: INFO: ResultStage 6 (runJob at ContextRDD.scala:506) finished in 0.024 s
2018-11-19 12:13:38 DAGScheduler: INFO: Job 6 finished: runJob at ContextRDD.scala:506, took 0.032197 s
2018-11-19 12:13:38 MemoryStore: INFO: Block broadcast_17 stored as values in memory (estimated size 1320.0 B, free 366.2 MB)
2018-11-19 12:13:38 MemoryStore: INFO: Block broadcast_17_piece0 stored as bytes in memory (estimated size 479.0 B, free 366.2 MB)
2018-11-19 12:13:38 BlockManagerInfo: INFO: Added broadcast_17_piece0 in memory on 10.0.0.51:51492 (size: 479.0 B, free: 366.3 MB)
2018-11-19 12:13:38 SparkContext: INFO: Created broadcast 17 from broadcast at RVDPartitioner.scala:79
2018-11-19 12:13:38 root: INFO: optimize: before:
(MakeStruct)
2018-11-19 12:13:38 root: INFO: optimize: after:
(MakeStruct)
2018-11-19 12:13:38 SparkContext: INFO: Starting job: collect at Table.scala:545
2018-11-19 12:13:38 DAGScheduler: INFO: Got job 7 (collect at Table.scala:545) with 3 output partitions
2018-11-19 12:13:38 DAGScheduler: INFO: Final stage: ResultStage 7 (collect at Table.scala:545)
2018-11-19 12:13:38 DAGScheduler: INFO: Parents of final stage: List()
2018-11-19 12:13:38 DAGScheduler: INFO: Missing parents: List()
2018-11-19 12:13:38 DAGScheduler: INFO: Submitting ResultStage 7 (MapPartitionsRDD[37] at mapPartitions at ContextRDD.scala:133), which has no missing parents
2018-11-19 12:13:38 MemoryStore: INFO: Block broadcast_18 stored as values in memory (estimated size 37.5 KB, free 366.1 MB)
2018-11-19 12:13:38 MemoryStore: INFO: Block broadcast_18_piece0 stored as bytes in memory (estimated size 17.3 KB, free 366.1 MB)
2018-11-19 12:13:38 BlockManagerInfo: INFO: Added broadcast_18_piece0 in memory on 10.0.0.51:51492 (size: 17.3 KB, free: 366.2 MB)
2018-11-19 12:13:38 SparkContext: INFO: Created broadcast 18 from broadcast at DAGScheduler.scala:1006
2018-11-19 12:13:38 DAGScheduler: INFO: Submitting 3 missing tasks from ResultStage 7 (MapPartitionsRDD[37] at mapPartitions at ContextRDD.scala:133) (first 15 tasks are for partitions Vector(0, 1, 2))
2018-11-19 12:13:38 TaskSchedulerImpl: INFO: Adding task set 7.0 with 3 tasks
2018-11-19 12:13:38 TaskSetManager: INFO: Starting task 0.0 in stage 7.0 (TID 27, localhost, executor driver, partition 0, PROCESS_LOCAL, 5632 bytes)
2018-11-19 12:13:38 TaskSetManager: INFO: Starting task 1.0 in stage 7.0 (TID 28, localhost, executor driver, partition 1, PROCESS_LOCAL, 5632 bytes)
2018-11-19 12:13:38 TaskSetManager: INFO: Starting task 2.0 in stage 7.0 (TID 29, localhost, executor driver, partition 2, PROCESS_LOCAL, 5531 bytes)
2018-11-19 12:13:38 Executor: INFO: Running task 1.0 in stage 7.0 (TID 28)
2018-11-19 12:13:38 Executor: INFO: Running task 2.0 in stage 7.0 (TID 29)
2018-11-19 12:13:38 Executor: INFO: Running task 0.0 in stage 7.0 (TID 27)
2018-11-19 12:13:38 PythonRunner: INFO: Times: total = 2, boot = -28020, init = 28022, finish = 0
2018-11-19 12:13:38 PythonRunner: INFO: Times: total = 1, boot = -28013, init = 28014, finish = 0
2018-11-19 12:13:38 PythonRunner: INFO: Times: total = 1, boot = -28015, init = 28016, finish = 0
2018-11-19 12:13:38 Executor: INFO: Finished task 2.0 in stage 7.0 (TID 29). 1517 bytes result sent to driver
2018-11-19 12:13:38 TaskSetManager: INFO: Finished task 2.0 in stage 7.0 (TID 29) in 28 ms on localhost (executor driver) (1/3)
2018-11-19 12:13:38 PythonRunner: INFO: Times: total = 3, boot = -150, init = 153, finish = 0
2018-11-19 12:13:38 PythonRunner: INFO: Times: total = 3, boot = -159, init = 162, finish = 0
2018-11-19 12:13:38 Executor: INFO: Finished task 1.0 in stage 7.0 (TID 28). 1531 bytes result sent to driver
2018-11-19 12:13:38 TaskSetManager: INFO: Finished task 1.0 in stage 7.0 (TID 28) in 39 ms on localhost (executor driver) (2/3)
2018-11-19 12:13:38 Executor: INFO: Finished task 0.0 in stage 7.0 (TID 27). 1531 bytes result sent to driver
2018-11-19 12:13:38 TaskSetManager: INFO: Finished task 0.0 in stage 7.0 (TID 27) in 44 ms on localhost (executor driver) (3/3)
2018-11-19 12:13:38 TaskSchedulerImpl: INFO: Removed TaskSet 7.0, whose tasks have all completed, from pool 
2018-11-19 12:13:38 DAGScheduler: INFO: ResultStage 7 (collect at Table.scala:545) finished in 0.045 s
2018-11-19 12:13:38 DAGScheduler: INFO: Job 7 finished: collect at Table.scala:545, took 0.060888 s
2018-11-19 12:14:14 root: INFO: optimize: before:
(TableCount
  (MatrixRowsTable
    (MatrixLiteral)))
2018-11-19 12:14:14 root: INFO: optimize: after:
(TableCount
  (MatrixRowsTable
    (MatrixLiteral)))
2018-11-19 12:14:14 MemoryStore: INFO: Block broadcast_19 stored as values in memory (estimated size 1320.0 B, free 366.1 MB)
2018-11-19 12:14:14 MemoryStore: INFO: Block broadcast_19_piece0 stored as bytes in memory (estimated size 479.0 B, free 366.1 MB)
2018-11-19 12:14:14 BlockManagerInfo: INFO: Added broadcast_19_piece0 in memory on 10.0.0.51:51492 (size: 479.0 B, free: 366.2 MB)
2018-11-19 12:14:14 SparkContext: INFO: Created broadcast 19 from broadcast at RVDPartitioner.scala:79
2018-11-19 12:14:14 SparkContext: INFO: Starting job: fold at RVD.scala:602
2018-11-19 12:14:14 DAGScheduler: INFO: Got job 8 (fold at RVD.scala:602) with 3 output partitions
2018-11-19 12:14:14 DAGScheduler: INFO: Final stage: ResultStage 8 (fold at RVD.scala:602)
2018-11-19 12:14:14 DAGScheduler: INFO: Parents of final stage: List()
2018-11-19 12:14:14 DAGScheduler: INFO: Missing parents: List()
2018-11-19 12:14:14 DAGScheduler: INFO: Submitting ResultStage 8 (MapPartitionsRDD[41] at mapPartitions at ContextRDD.scala:133), which has no missing parents
2018-11-19 12:14:14 MemoryStore: INFO: Block broadcast_20 stored as values in memory (estimated size 25.8 KB, free 366.1 MB)
2018-11-19 12:14:14 MemoryStore: INFO: Block broadcast_20_piece0 stored as bytes in memory (estimated size 12.8 KB, free 366.1 MB)
2018-11-19 12:14:14 BlockManagerInfo: INFO: Added broadcast_20_piece0 in memory on 10.0.0.51:51492 (size: 12.8 KB, free: 366.2 MB)
2018-11-19 12:14:14 SparkContext: INFO: Created broadcast 20 from broadcast at DAGScheduler.scala:1006
2018-11-19 12:14:14 DAGScheduler: INFO: Submitting 3 missing tasks from ResultStage 8 (MapPartitionsRDD[41] at mapPartitions at ContextRDD.scala:133) (first 15 tasks are for partitions Vector(0, 1, 2))
2018-11-19 12:14:14 TaskSchedulerImpl: INFO: Adding task set 8.0 with 3 tasks
2018-11-19 12:14:14 TaskSetManager: INFO: Starting task 0.0 in stage 8.0 (TID 30, localhost, executor driver, partition 0, PROCESS_LOCAL, 5538 bytes)
2018-11-19 12:14:14 TaskSetManager: INFO: Starting task 1.0 in stage 8.0 (TID 31, localhost, executor driver, partition 1, PROCESS_LOCAL, 5538 bytes)
2018-11-19 12:14:14 TaskSetManager: INFO: Starting task 2.0 in stage 8.0 (TID 32, localhost, executor driver, partition 2, PROCESS_LOCAL, 5437 bytes)
2018-11-19 12:14:14 Executor: INFO: Running task 1.0 in stage 8.0 (TID 31)
2018-11-19 12:14:14 Executor: INFO: Running task 2.0 in stage 8.0 (TID 32)
2018-11-19 12:14:14 Executor: INFO: Running task 0.0 in stage 8.0 (TID 30)
2018-11-19 12:14:14 PythonRunner: INFO: Times: total = 1, boot = -36491, init = 36492, finish = 0
2018-11-19 12:14:14 PythonRunner: INFO: Times: total = 1, boot = -36487, init = 36488, finish = 0
2018-11-19 12:14:14 PythonRunner: INFO: Times: total = 1, boot = -36491, init = 36492, finish = 0
2018-11-19 12:14:14 Executor: INFO: Finished task 2.0 in stage 8.0 (TID 32). 1498 bytes result sent to driver
2018-11-19 12:14:14 TaskSetManager: INFO: Finished task 2.0 in stage 8.0 (TID 32) in 19 ms on localhost (executor driver) (1/3)
2018-11-19 12:14:14 PythonRunner: INFO: Times: total = 2, boot = -36377, init = 36379, finish = 0
2018-11-19 12:14:14 PythonRunner: INFO: Times: total = 5, boot = -36373, init = 36378, finish = 0
2018-11-19 12:14:14 Executor: INFO: Finished task 0.0 in stage 8.0 (TID 30). 1455 bytes result sent to driver
2018-11-19 12:14:14 TaskSetManager: INFO: Finished task 0.0 in stage 8.0 (TID 30) in 29 ms on localhost (executor driver) (2/3)
2018-11-19 12:14:14 Executor: INFO: Finished task 1.0 in stage 8.0 (TID 31). 1455 bytes result sent to driver
2018-11-19 12:14:14 TaskSetManager: INFO: Finished task 1.0 in stage 8.0 (TID 31) in 29 ms on localhost (executor driver) (3/3)
2018-11-19 12:14:14 TaskSchedulerImpl: INFO: Removed TaskSet 8.0, whose tasks have all completed, from pool 
2018-11-19 12:14:14 DAGScheduler: INFO: ResultStage 8 (fold at RVD.scala:602) finished in 0.032 s
2018-11-19 12:14:14 DAGScheduler: INFO: Job 8 finished: fold at RVD.scala:602, took 0.041567 s
2018-11-19 12:14:17 root: INFO: optimize: before:
(TableCount
  (MatrixRowsTable
    (MatrixLiteral)))
2018-11-19 12:14:17 root: INFO: optimize: after:
(TableCount
  (MatrixRowsTable
    (MatrixLiteral)))
2018-11-19 12:14:17 MemoryStore: INFO: Block broadcast_21 stored as values in memory (estimated size 1320.0 B, free 366.1 MB)
2018-11-19 12:14:17 MemoryStore: INFO: Block broadcast_21_piece0 stored as bytes in memory (estimated size 479.0 B, free 366.1 MB)
2018-11-19 12:14:17 BlockManagerInfo: INFO: Added broadcast_21_piece0 in memory on 10.0.0.51:51492 (size: 479.0 B, free: 366.2 MB)
2018-11-19 12:14:17 SparkContext: INFO: Created broadcast 21 from broadcast at RVDPartitioner.scala:79
2018-11-19 12:14:17 SparkContext: INFO: Starting job: fold at RVD.scala:602
2018-11-19 12:14:17 DAGScheduler: INFO: Got job 9 (fold at RVD.scala:602) with 3 output partitions
2018-11-19 12:14:17 DAGScheduler: INFO: Final stage: ResultStage 9 (fold at RVD.scala:602)
2018-11-19 12:14:17 DAGScheduler: INFO: Parents of final stage: List()
2018-11-19 12:14:17 DAGScheduler: INFO: Missing parents: List()
2018-11-19 12:14:17 DAGScheduler: INFO: Submitting ResultStage 9 (MapPartitionsRDD[45] at mapPartitions at ContextRDD.scala:133), which has no missing parents
2018-11-19 12:14:17 MemoryStore: INFO: Block broadcast_22 stored as values in memory (estimated size 25.8 KB, free 366.0 MB)
2018-11-19 12:14:17 MemoryStore: INFO: Block broadcast_22_piece0 stored as bytes in memory (estimated size 12.8 KB, free 366.0 MB)
2018-11-19 12:14:17 BlockManagerInfo: INFO: Added broadcast_22_piece0 in memory on 10.0.0.51:51492 (size: 12.8 KB, free: 366.2 MB)
2018-11-19 12:14:17 SparkContext: INFO: Created broadcast 22 from broadcast at DAGScheduler.scala:1006
2018-11-19 12:14:17 DAGScheduler: INFO: Submitting 3 missing tasks from ResultStage 9 (MapPartitionsRDD[45] at mapPartitions at ContextRDD.scala:133) (first 15 tasks are for partitions Vector(0, 1, 2))
2018-11-19 12:14:17 TaskSchedulerImpl: INFO: Adding task set 9.0 with 3 tasks
2018-11-19 12:14:17 TaskSetManager: INFO: Starting task 0.0 in stage 9.0 (TID 33, localhost, executor driver, partition 0, PROCESS_LOCAL, 5538 bytes)
2018-11-19 12:14:17 TaskSetManager: INFO: Starting task 1.0 in stage 9.0 (TID 34, localhost, executor driver, partition 1, PROCESS_LOCAL, 5538 bytes)
2018-11-19 12:14:17 TaskSetManager: INFO: Starting task 2.0 in stage 9.0 (TID 35, localhost, executor driver, partition 2, PROCESS_LOCAL, 5437 bytes)
2018-11-19 12:14:17 Executor: INFO: Running task 0.0 in stage 9.0 (TID 33)
2018-11-19 12:14:17 Executor: INFO: Running task 1.0 in stage 9.0 (TID 34)
2018-11-19 12:14:17 Executor: INFO: Running task 2.0 in stage 9.0 (TID 35)
2018-11-19 12:14:17 PythonRunner: INFO: Times: total = 1, boot = -39688, init = 39689, finish = 0
2018-11-19 12:14:17 PythonRunner: INFO: Times: total = 1, boot = -39681, init = 39682, finish = 0
2018-11-19 12:14:17 Executor: INFO: Finished task 2.0 in stage 9.0 (TID 35). 1455 bytes result sent to driver
2018-11-19 12:14:17 TaskSetManager: INFO: Finished task 2.0 in stage 9.0 (TID 35) in 16 ms on localhost (executor driver) (1/3)
2018-11-19 12:14:17 PythonRunner: INFO: Times: total = 2, boot = -3314, init = 3316, finish = 0
2018-11-19 12:14:17 PythonRunner: INFO: Times: total = 1, boot = -39681, init = 39682, finish = 0
2018-11-19 12:14:17 Executor: INFO: Finished task 0.0 in stage 9.0 (TID 33). 1455 bytes result sent to driver
2018-11-19 12:14:17 TaskSetManager: INFO: Finished task 0.0 in stage 9.0 (TID 33) in 32 ms on localhost (executor driver) (2/3)
2018-11-19 12:14:17 PythonRunner: INFO: Times: total = 2, boot = -3320, init = 3322, finish = 0
2018-11-19 12:14:17 Executor: INFO: Finished task 1.0 in stage 9.0 (TID 34). 1455 bytes result sent to driver
2018-11-19 12:14:17 TaskSetManager: INFO: Finished task 1.0 in stage 9.0 (TID 34) in 36 ms on localhost (executor driver) (3/3)
2018-11-19 12:14:17 TaskSchedulerImpl: INFO: Removed TaskSet 9.0, whose tasks have all completed, from pool 
2018-11-19 12:14:17 DAGScheduler: INFO: ResultStage 9 (fold at RVD.scala:602) finished in 0.039 s
2018-11-19 12:14:17 DAGScheduler: INFO: Job 9 finished: fold at RVD.scala:602, took 0.050253 s
2018-11-19 12:14:17 root: INFO: optimize: before:
(TableKeyBy () False
  (TableMapRows
    (TableKeyBy () False
      (TableRange 1 1))
    (InsertFields
      (Ref row))))
2018-11-19 12:14:17 root: INFO: optimize: after:
(TableKeyBy () False
  (TableRange 1 1))
2018-11-19 12:14:17 root: INFO: is/hail/codegen/generated/C8.<init> instruction count: 3
2018-11-19 12:14:17 root: INFO: is/hail/codegen/generated/C8.apply instruction count: 61
2018-11-19 12:14:17 root: INFO: is/hail/codegen/generated/C8.apply instruction count: 12
2018-11-19 12:14:17 root: INFO: is/hail/codegen/generated/C9.<init> instruction count: 3
2018-11-19 12:14:17 root: INFO: is/hail/codegen/generated/C9.apply instruction count: 61
2018-11-19 12:14:17 root: INFO: is/hail/codegen/generated/C9.apply instruction count: 12
2018-11-19 12:14:17 root: INFO: optimize: before:
(TableHead 11
  (TableMapRows
    (TableLiteral)
    (InsertFields
      (MakeStruct)
      (<expr>
        (ApplySeeded rand_norm 357051437848169581
          (ApplyIR toFloat64
            (I32 0))
          (F64 0.04))))))
2018-11-19 12:14:17 root: INFO: optimize: after:
(TableMapRows
  (TableHead 11
    (TableLiteral))
  (MakeStruct
    (<expr>
      (ApplySeeded rand_norm 357051437848169581
        (F64 0.0)
        (F64 0.04)))))
2018-11-19 12:14:17 SparkContext: INFO: Starting job: runJob at ContextRDD.scala:506
2018-11-19 12:14:17 DAGScheduler: INFO: Got job 10 (runJob at ContextRDD.scala:506) with 1 output partitions
2018-11-19 12:14:17 DAGScheduler: INFO: Final stage: ResultStage 10 (runJob at ContextRDD.scala:506)
2018-11-19 12:14:17 DAGScheduler: INFO: Parents of final stage: List()
2018-11-19 12:14:17 DAGScheduler: INFO: Missing parents: List()
2018-11-19 12:14:17 DAGScheduler: INFO: Submitting ResultStage 10 (MapPartitionsRDD[53] at mapPartitions at ContextRDD.scala:337), which has no missing parents
2018-11-19 12:14:17 MemoryStore: INFO: Block broadcast_23 stored as values in memory (estimated size 8.5 KB, free 366.0 MB)
2018-11-19 12:14:17 MemoryStore: INFO: Block broadcast_23_piece0 stored as bytes in memory (estimated size 4.8 KB, free 366.0 MB)
2018-11-19 12:14:17 BlockManagerInfo: INFO: Added broadcast_23_piece0 in memory on 10.0.0.51:51492 (size: 4.8 KB, free: 366.2 MB)
2018-11-19 12:14:17 SparkContext: INFO: Created broadcast 23 from broadcast at DAGScheduler.scala:1006
2018-11-19 12:14:17 DAGScheduler: INFO: Submitting 1 missing tasks from ResultStage 10 (MapPartitionsRDD[53] at mapPartitions at ContextRDD.scala:337) (first 15 tasks are for partitions Vector(0))
2018-11-19 12:14:17 TaskSchedulerImpl: INFO: Adding task set 10.0 with 1 tasks
2018-11-19 12:14:17 TaskSetManager: INFO: Starting task 0.0 in stage 10.0 (TID 36, localhost, executor driver, partition 0, PROCESS_LOCAL, 4713 bytes)
2018-11-19 12:14:17 Executor: INFO: Running task 0.0 in stage 10.0 (TID 36)
2018-11-19 12:14:18 MemoryStore: INFO: Block rdd_51_0 stored as values in memory (estimated size 56.0 B, free 366.0 MB)
2018-11-19 12:14:18 BlockManagerInfo: INFO: Added rdd_51_0 in memory on 10.0.0.51:51492 (size: 56.0 B, free: 366.2 MB)
2018-11-19 12:14:18 Executor: INFO: Finished task 0.0 in stage 10.0 (TID 36). 1363 bytes result sent to driver
2018-11-19 12:14:18 TaskSetManager: INFO: Finished task 0.0 in stage 10.0 (TID 36) in 23 ms on localhost (executor driver) (1/1)
2018-11-19 12:14:18 TaskSchedulerImpl: INFO: Removed TaskSet 10.0, whose tasks have all completed, from pool 
2018-11-19 12:14:18 DAGScheduler: INFO: ResultStage 10 (runJob at ContextRDD.scala:506) finished in 0.023 s
2018-11-19 12:14:18 DAGScheduler: INFO: Job 10 finished: runJob at ContextRDD.scala:506, took 0.030924 s
2018-11-19 12:14:18 MemoryStore: INFO: Block broadcast_24 stored as values in memory (estimated size 1224.0 B, free 366.0 MB)
2018-11-19 12:14:18 MemoryStore: INFO: Block broadcast_24_piece0 stored as bytes in memory (estimated size 512.0 B, free 366.0 MB)
2018-11-19 12:14:18 BlockManagerInfo: INFO: Added broadcast_24_piece0 in memory on 10.0.0.51:51492 (size: 512.0 B, free: 366.2 MB)
2018-11-19 12:14:18 SparkContext: INFO: Created broadcast 24 from broadcast at RVDPartitioner.scala:79
2018-11-19 12:14:18 root: INFO: optimize: before:
(InsertFields
  (Ref global))
2018-11-19 12:14:18 root: INFO: optimize: after:
(Ref global)
2018-11-19 12:14:18 MemoryStore: INFO: Block broadcast_25 stored as values in memory (estimated size 56.0 B, free 366.0 MB)
2018-11-19 12:14:18 MemoryStore: INFO: Block broadcast_25_piece0 stored as bytes in memory (estimated size 67.0 B, free 366.0 MB)
2018-11-19 12:14:18 BlockManagerInfo: INFO: Added broadcast_25_piece0 in memory on 10.0.0.51:51492 (size: 67.0 B, free: 366.2 MB)
2018-11-19 12:14:18 BlockManagerInfo: INFO: Removed broadcast_11_piece0 on 10.0.0.51:51492 in memory (size: 122.0 B, free: 366.2 MB)
2018-11-19 12:14:18 SparkContext: INFO: Created broadcast 25 from broadcast at BroadcastValue.scala:14
2018-11-19 12:14:18 root: INFO: initop (Begin)
2018-11-19 12:14:18 root: INFO: is/hail/codegen/generated/C10.<init> instruction count: 3
2018-11-19 12:14:18 root: INFO: is/hail/codegen/generated/C10.apply instruction count: 15
2018-11-19 12:14:18 root: INFO: is/hail/codegen/generated/C10.apply instruction count: 16
2018-11-19 12:14:18 root: INFO: is/hail/codegen/generated/C10.setPartitionIndex instruction count: 14
2018-11-19 12:14:18 BlockManagerInfo: INFO: Removed broadcast_7_piece0 on 10.0.0.51:51492 in memory (size: 10.3 KB, free: 366.2 MB)
2018-11-19 12:14:18 root: INFO: seqop (Begin)
2018-11-19 12:14:18 BlockManagerInfo: INFO: Removed broadcast_23_piece0 on 10.0.0.51:51492 in memory (size: 4.8 KB, free: 366.2 MB)
2018-11-19 12:14:18 root: INFO: is/hail/codegen/generated/C11.<init> instruction count: 3
2018-11-19 12:14:18 root: INFO: is/hail/codegen/generated/C11.apply instruction count: 15
2018-11-19 12:14:18 root: INFO: is/hail/codegen/generated/C11.apply instruction count: 22
2018-11-19 12:14:18 root: INFO: is/hail/codegen/generated/C11.setPartitionIndex instruction count: 14
2018-11-19 12:14:18 BlockManagerInfo: INFO: Removed broadcast_16_piece0 on 10.0.0.51:51492 in memory (size: 15.9 KB, free: 366.2 MB)
2018-11-19 12:14:18 BlockManagerInfo: INFO: Removed broadcast_22_piece0 on 10.0.0.51:51492 in memory (size: 12.8 KB, free: 366.3 MB)
2018-11-19 12:14:18 BlockManagerInfo: INFO: Removed broadcast_15_piece0 on 10.0.0.51:51492 in memory (size: 15.9 KB, free: 366.3 MB)
2018-11-19 12:14:18 BlockManagerInfo: INFO: Removed broadcast_12_piece0 on 10.0.0.51:51492 in memory (size: 67.0 B, free: 366.3 MB)
2018-11-19 12:14:18 BlockManagerInfo: INFO: Removed broadcast_18_piece0 on 10.0.0.51:51492 in memory (size: 17.3 KB, free: 366.3 MB)
2018-11-19 12:14:18 BlockManagerInfo: INFO: Removed broadcast_20_piece0 on 10.0.0.51:51492 in memory (size: 12.8 KB, free: 366.3 MB)
2018-11-19 12:14:18 root: INFO: is/hail/codegen/generated/C12.<init> instruction count: 3
2018-11-19 12:14:18 root: INFO: is/hail/codegen/generated/C12.apply instruction count: 61
2018-11-19 12:14:18 root: INFO: is/hail/codegen/generated/C12.apply instruction count: 28
2018-11-19 12:14:18 root: INFO: is/hail/codegen/generated/C12.setPartitionIndex instruction count: 24
2018-11-19 12:14:18 MemoryStore: INFO: Block broadcast_26 stored as values in memory (estimated size 640.0 B, free 366.3 MB)
2018-11-19 12:14:18 MemoryStore: INFO: Block broadcast_26_piece0 stored as bytes in memory (estimated size 371.0 B, free 366.3 MB)
2018-11-19 12:14:18 BlockManagerInfo: INFO: Added broadcast_26_piece0 in memory on 10.0.0.51:51492 (size: 371.0 B, free: 366.3 MB)
2018-11-19 12:14:18 SparkContext: INFO: Created broadcast 26 from broadcast at RVDPartitioner.scala:79
2018-11-19 12:14:18 root: INFO: optimize: before:
(SelectFields ()
  (Ref global))
2018-11-19 12:14:18 root: INFO: optimize: after:
(SelectFields ()
  (Ref global))
2018-11-19 12:14:18 SparkContext: INFO: Starting job: collect at Table.scala:545
2018-11-19 12:14:18 DAGScheduler: INFO: Got job 11 (collect at Table.scala:545) with 1 output partitions
2018-11-19 12:14:18 DAGScheduler: INFO: Final stage: ResultStage 11 (collect at Table.scala:545)
2018-11-19 12:14:18 DAGScheduler: INFO: Parents of final stage: List()
2018-11-19 12:14:18 DAGScheduler: INFO: Missing parents: List()
2018-11-19 12:14:18 DAGScheduler: INFO: Submitting ResultStage 11 (MapPartitionsRDD[61] at mapPartitions at ContextRDD.scala:133), which has no missing parents
2018-11-19 12:14:18 MemoryStore: INFO: Block broadcast_27 stored as values in memory (estimated size 16.5 KB, free 366.3 MB)
2018-11-19 12:14:18 MemoryStore: INFO: Block broadcast_27_piece0 stored as bytes in memory (estimated size 8.6 KB, free 366.3 MB)
2018-11-19 12:14:18 BlockManagerInfo: INFO: Added broadcast_27_piece0 in memory on 10.0.0.51:51492 (size: 8.6 KB, free: 366.3 MB)
2018-11-19 12:14:18 SparkContext: INFO: Created broadcast 27 from broadcast at DAGScheduler.scala:1006
2018-11-19 12:14:18 DAGScheduler: INFO: Submitting 1 missing tasks from ResultStage 11 (MapPartitionsRDD[61] at mapPartitions at ContextRDD.scala:133) (first 15 tasks are for partitions Vector(0))
2018-11-19 12:14:18 TaskSchedulerImpl: INFO: Adding task set 11.0 with 1 tasks
2018-11-19 12:14:18 TaskSetManager: INFO: Starting task 0.0 in stage 11.0 (TID 37, localhost, executor driver, partition 0, PROCESS_LOCAL, 4807 bytes)
2018-11-19 12:14:18 Executor: INFO: Running task 0.0 in stage 11.0 (TID 37)
2018-11-19 12:14:18 BlockManager: INFO: Found block rdd_51_0 locally
2018-11-19 12:14:18 Executor: INFO: 1 block locks were not released by TID = 37:
[rdd_51_0]
2018-11-19 12:14:18 Executor: INFO: Finished task 0.0 in stage 11.0 (TID 37). 815 bytes result sent to driver
2018-11-19 12:14:18 TaskSetManager: INFO: Finished task 0.0 in stage 11.0 (TID 37) in 24 ms on localhost (executor driver) (1/1)
2018-11-19 12:14:18 TaskSchedulerImpl: INFO: Removed TaskSet 11.0, whose tasks have all completed, from pool 
2018-11-19 12:14:18 DAGScheduler: INFO: ResultStage 11 (collect at Table.scala:545) finished in 0.024 s
2018-11-19 12:14:18 DAGScheduler: INFO: Job 11 finished: collect at Table.scala:545, took 0.037158 s
2018-11-19 14:05:46 root: INFO: optimize: before:
(TableCount
  (MatrixRowsTable
    (MatrixLiteral)))
2018-11-19 14:05:46 root: INFO: optimize: after:
(TableCount
  (MatrixRowsTable
    (MatrixLiteral)))
2018-11-19 14:05:46 MemoryStore: INFO: Block broadcast_28 stored as values in memory (estimated size 1320.0 B, free 366.3 MB)
2018-11-19 14:05:46 MemoryStore: INFO: Block broadcast_28_piece0 stored as bytes in memory (estimated size 479.0 B, free 366.3 MB)
2018-11-19 14:05:46 BlockManagerInfo: INFO: Added broadcast_28_piece0 in memory on 10.0.0.51:51492 (size: 479.0 B, free: 366.3 MB)
2018-11-19 14:05:46 SparkContext: INFO: Created broadcast 28 from broadcast at RVDPartitioner.scala:79
2018-11-19 14:05:46 SparkContext: INFO: Starting job: fold at RVD.scala:602
2018-11-19 14:05:46 DAGScheduler: INFO: Got job 12 (fold at RVD.scala:602) with 3 output partitions
2018-11-19 14:05:46 DAGScheduler: INFO: Final stage: ResultStage 12 (fold at RVD.scala:602)
2018-11-19 14:05:46 DAGScheduler: INFO: Parents of final stage: List()
2018-11-19 14:05:46 DAGScheduler: INFO: Missing parents: List()
2018-11-19 14:05:46 DAGScheduler: INFO: Submitting ResultStage 12 (MapPartitionsRDD[65] at mapPartitions at ContextRDD.scala:133), which has no missing parents
2018-11-19 14:05:46 MemoryStore: INFO: Block broadcast_29 stored as values in memory (estimated size 25.8 KB, free 366.2 MB)
2018-11-19 14:05:46 MemoryStore: INFO: Block broadcast_29_piece0 stored as bytes in memory (estimated size 12.8 KB, free 366.2 MB)
2018-11-19 14:05:46 BlockManagerInfo: INFO: Added broadcast_29_piece0 in memory on 10.0.0.51:51492 (size: 12.8 KB, free: 366.3 MB)
2018-11-19 14:05:46 SparkContext: INFO: Created broadcast 29 from broadcast at DAGScheduler.scala:1006
2018-11-19 14:05:46 DAGScheduler: INFO: Submitting 3 missing tasks from ResultStage 12 (MapPartitionsRDD[65] at mapPartitions at ContextRDD.scala:133) (first 15 tasks are for partitions Vector(0, 1, 2))
2018-11-19 14:05:46 TaskSchedulerImpl: INFO: Adding task set 12.0 with 3 tasks
2018-11-19 14:05:46 TaskSetManager: INFO: Starting task 0.0 in stage 12.0 (TID 38, localhost, executor driver, partition 0, PROCESS_LOCAL, 5538 bytes)
2018-11-19 14:05:46 TaskSetManager: INFO: Starting task 1.0 in stage 12.0 (TID 39, localhost, executor driver, partition 1, PROCESS_LOCAL, 5538 bytes)
2018-11-19 14:05:46 TaskSetManager: INFO: Starting task 2.0 in stage 12.0 (TID 40, localhost, executor driver, partition 2, PROCESS_LOCAL, 5437 bytes)
2018-11-19 14:05:46 Executor: INFO: Running task 0.0 in stage 12.0 (TID 38)
2018-11-19 14:05:46 Executor: INFO: Running task 1.0 in stage 12.0 (TID 39)
2018-11-19 14:05:46 Executor: INFO: Running task 2.0 in stage 12.0 (TID 40)
2018-11-19 14:05:46 PythonRunner: INFO: Times: total = 8, boot = 5, init = 3, finish = 0
2018-11-19 14:05:46 PythonRunner: INFO: Times: total = 11, boot = 8, init = 3, finish = 0
2018-11-19 14:05:46 PythonRunner: INFO: Times: total = 19, boot = 15, init = 3, finish = 1
2018-11-19 14:05:46 Executor: INFO: Finished task 2.0 in stage 12.0 (TID 40). 1455 bytes result sent to driver
2018-11-19 14:05:46 TaskSetManager: INFO: Finished task 2.0 in stage 12.0 (TID 40) in 30 ms on localhost (executor driver) (1/3)
2018-11-19 14:05:46 PythonRunner: INFO: Times: total = 24, boot = 23, init = 1, finish = 0
2018-11-19 14:05:46 Executor: INFO: Finished task 0.0 in stage 12.0 (TID 38). 1455 bytes result sent to driver
2018-11-19 14:05:46 TaskSetManager: INFO: Finished task 0.0 in stage 12.0 (TID 38) in 54 ms on localhost (executor driver) (2/3)
2018-11-19 14:05:46 PythonRunner: INFO: Times: total = 26, boot = 26, init = 0, finish = 0
2018-11-19 14:05:46 Executor: INFO: Finished task 1.0 in stage 12.0 (TID 39). 1455 bytes result sent to driver
2018-11-19 14:05:46 TaskSetManager: INFO: Finished task 1.0 in stage 12.0 (TID 39) in 57 ms on localhost (executor driver) (3/3)
2018-11-19 14:05:46 TaskSchedulerImpl: INFO: Removed TaskSet 12.0, whose tasks have all completed, from pool 
2018-11-19 14:05:46 DAGScheduler: INFO: ResultStage 12 (fold at RVD.scala:602) finished in 0.060 s
2018-11-19 14:05:46 DAGScheduler: INFO: Job 12 finished: fold at RVD.scala:602, took 0.069358 s
2018-11-19 14:06:27 root: INFO: optimize: before:
(TableCount
  (MatrixRowsTable
    (MatrixLiteral)))
2018-11-19 14:06:27 root: INFO: optimize: after:
(TableCount
  (MatrixRowsTable
    (MatrixLiteral)))
2018-11-19 14:06:27 MemoryStore: INFO: Block broadcast_30 stored as values in memory (estimated size 1320.0 B, free 366.2 MB)
2018-11-19 14:06:27 MemoryStore: INFO: Block broadcast_30_piece0 stored as bytes in memory (estimated size 479.0 B, free 366.2 MB)
2018-11-19 14:06:27 BlockManagerInfo: INFO: Added broadcast_30_piece0 in memory on 10.0.0.51:51492 (size: 479.0 B, free: 366.3 MB)
2018-11-19 14:06:27 SparkContext: INFO: Created broadcast 30 from broadcast at RVDPartitioner.scala:79
2018-11-19 14:06:27 SparkContext: INFO: Starting job: fold at RVD.scala:602
2018-11-19 14:06:27 DAGScheduler: INFO: Got job 13 (fold at RVD.scala:602) with 3 output partitions
2018-11-19 14:06:27 DAGScheduler: INFO: Final stage: ResultStage 13 (fold at RVD.scala:602)
2018-11-19 14:06:27 DAGScheduler: INFO: Parents of final stage: List()
2018-11-19 14:06:27 DAGScheduler: INFO: Missing parents: List()
2018-11-19 14:06:27 DAGScheduler: INFO: Submitting ResultStage 13 (MapPartitionsRDD[69] at mapPartitions at ContextRDD.scala:133), which has no missing parents
2018-11-19 14:06:27 MemoryStore: INFO: Block broadcast_31 stored as values in memory (estimated size 25.8 KB, free 366.2 MB)
2018-11-19 14:06:27 MemoryStore: INFO: Block broadcast_31_piece0 stored as bytes in memory (estimated size 12.8 KB, free 366.2 MB)
2018-11-19 14:06:27 BlockManagerInfo: INFO: Added broadcast_31_piece0 in memory on 10.0.0.51:51492 (size: 12.8 KB, free: 366.3 MB)
2018-11-19 14:06:27 SparkContext: INFO: Created broadcast 31 from broadcast at DAGScheduler.scala:1006
2018-11-19 14:06:27 DAGScheduler: INFO: Submitting 3 missing tasks from ResultStage 13 (MapPartitionsRDD[69] at mapPartitions at ContextRDD.scala:133) (first 15 tasks are for partitions Vector(0, 1, 2))
2018-11-19 14:06:27 TaskSchedulerImpl: INFO: Adding task set 13.0 with 3 tasks
2018-11-19 14:06:27 TaskSetManager: INFO: Starting task 0.0 in stage 13.0 (TID 41, localhost, executor driver, partition 0, PROCESS_LOCAL, 5538 bytes)
2018-11-19 14:06:27 TaskSetManager: INFO: Starting task 1.0 in stage 13.0 (TID 42, localhost, executor driver, partition 1, PROCESS_LOCAL, 5538 bytes)
2018-11-19 14:06:27 TaskSetManager: INFO: Starting task 2.0 in stage 13.0 (TID 43, localhost, executor driver, partition 2, PROCESS_LOCAL, 5437 bytes)
2018-11-19 14:06:27 Executor: INFO: Running task 2.0 in stage 13.0 (TID 43)
2018-11-19 14:06:27 Executor: INFO: Running task 1.0 in stage 13.0 (TID 42)
2018-11-19 14:06:27 Executor: INFO: Running task 0.0 in stage 13.0 (TID 41)
2018-11-19 14:06:27 PythonRunner: INFO: Times: total = 1, boot = -40816, init = 40817, finish = 0
2018-11-19 14:06:27 PythonRunner: INFO: Times: total = 1, boot = -40811, init = 40812, finish = 0
2018-11-19 14:06:27 PythonRunner: INFO: Times: total = 1, boot = -40818, init = 40819, finish = 0
2018-11-19 14:06:27 Executor: INFO: Finished task 2.0 in stage 13.0 (TID 43). 1455 bytes result sent to driver
2018-11-19 14:06:27 TaskSetManager: INFO: Finished task 2.0 in stage 13.0 (TID 43) in 19 ms on localhost (executor driver) (1/3)
2018-11-19 14:06:27 PythonRunner: INFO: Times: total = 8, boot = 8, init = 0, finish = 0
2018-11-19 14:06:27 PythonRunner: INFO: Times: total = 5, boot = 4, init = 0, finish = 1
2018-11-19 14:06:27 Executor: INFO: Finished task 1.0 in stage 13.0 (TID 42). 1455 bytes result sent to driver
2018-11-19 14:06:27 Executor: INFO: Finished task 0.0 in stage 13.0 (TID 41). 1455 bytes result sent to driver
2018-11-19 14:06:27 TaskSetManager: INFO: Finished task 1.0 in stage 13.0 (TID 42) in 26 ms on localhost (executor driver) (2/3)
2018-11-19 14:06:27 TaskSetManager: INFO: Finished task 0.0 in stage 13.0 (TID 41) in 30 ms on localhost (executor driver) (3/3)
2018-11-19 14:06:27 TaskSchedulerImpl: INFO: Removed TaskSet 13.0, whose tasks have all completed, from pool 
2018-11-19 14:06:27 DAGScheduler: INFO: ResultStage 13 (fold at RVD.scala:602) finished in 0.032 s
2018-11-19 14:06:27 DAGScheduler: INFO: Job 13 finished: fold at RVD.scala:602, took 0.039646 s
2018-11-19 14:06:31 SparkContext: INFO: Invoking stop() from shutdown hook
2018-11-19 14:06:31 AbstractConnector: INFO: Stopped Spark@3fc46960{HTTP/1.1,[http/1.1]}{0.0.0.0:4041}
2018-11-19 14:06:31 SparkUI: INFO: Stopped Spark web UI at http://10.0.0.51:4041
2018-11-19 14:06:31 MapOutputTrackerMasterEndpoint: INFO: MapOutputTrackerMasterEndpoint stopped!
2018-11-19 14:06:31 MemoryStore: INFO: MemoryStore cleared
2018-11-19 14:06:31 BlockManager: INFO: BlockManager stopped
2018-11-19 14:06:31 BlockManagerMaster: INFO: BlockManagerMaster stopped
2018-11-19 14:06:31 OutputCommitCoordinator$OutputCommitCoordinatorEndpoint: INFO: OutputCommitCoordinator stopped!
2018-11-19 14:06:31 SparkContext: INFO: Successfully stopped SparkContext
2018-11-19 14:06:31 ShutdownHookManager: INFO: Shutdown hook called
2018-11-19 14:06:31 ShutdownHookManager: INFO: Deleting directory /private/var/folders/56/q7rh2y5x7hj4n359_13dgwxcmtwz20/T/spark-511ed71c-6c3c-4f67-a2c9-c3528bfa9913/pyspark-f90a275b-f189-41ff-9341-ebf103f971e1
2018-11-19 14:06:31 ShutdownHookManager: INFO: Deleting directory /private/var/folders/56/q7rh2y5x7hj4n359_13dgwxcmtwz20/T/spark-511ed71c-6c3c-4f67-a2c9-c3528bfa9913
